<?xml version="1.0" encoding="UTF-8"?>
<!-- Generated by org.testng.reporters.JUnitReportReporter -->
<testsuite hostname="VSP-83QD6Q3" failures="0" tests="1" name="rahulshettypackage.SimpleJavaStreamProg" time="0.012" errors="0" timestamp="2022-11-29T18:21:31 IST" skipped="0">
  <testcase classname="rahulshettypackage.SimpleJavaStreamProg" name="streamCollect" time="0.012"/>
  <system-out/>
</testsuite> <!-- rahulshettypackage.SimpleJavaStreamProg -->
