<?xml version="1.0" encoding="UTF-8"?>
<!-- Generated by org.testng.reporters.JUnitReportReporter -->
<testsuite hostname="VSP-83QD6Q3" failures="0" tests="2" name="Testng.Groups" time="0.003" errors="0" timestamp="2022-12-20T11:48:57 IST" skipped="0">
  <testcase classname="Testng.Groups" name="Submit" time="0.002"/>
  <system-out/>
  <testcase classname="Testng.Groups" name="Pageloading" time="0.001"/>
  <system-out/>
</testsuite> <!-- Testng.Groups -->
