<?xml version="1.0" encoding="UTF-8"?>
<!-- Generated by org.testng.reporters.JUnitReportReporter -->
<testsuite hostname="VSP-83QD6Q3" failures="0" tests="1" name="Testng.data2" time="0.013" errors="0" timestamp="2022-12-20T10:58:48 IST" skipped="0">
  <testcase classname="Testng.data2" name="Pageloading" time="0.013"/>
  <system-out/>
</testsuite> <!-- Testng.data2 -->
