<?xml version="1.0" encoding="UTF-8"?>
<!-- Generated by org.testng.reporters.JUnitReportReporter -->
<testsuite hostname="VSP-83QD6Q3" failures="0" tests="2" name="Testng.Dataprovider" time="0.010" errors="0" timestamp="2022-12-20T11:31:26 IST" skipped="0">
  <testcase classname="Testng.Dataprovider" name="f" time="0.009"/>
  <system-out/>
  <testcase classname="Testng.Dataprovider" name="f" time="0.001"/>
  <system-out/>
</testsuite> <!-- Testng.Dataprovider -->
