<?xml version="1.0" encoding="UTF-8"?>
<!-- Generated by org.testng.reporters.JUnitReportReporter -->
<testsuite hostname="VSP-83QD6Q3" failures="0" tests="1" name="Testng.WaitinTestng" time="0.014" errors="0" timestamp="2022-12-20T11:48:57 IST" skipped="0">
  <testcase classname="Testng.WaitinTestng" name="f" time="0.014"/>
  <system-out/>
</testsuite> <!-- Testng.WaitinTestng -->
